## Footprint report - date Fri 17 Jan 2020 07:31:19 AM EST
## Created by Pcbnew version kicad 5.1.5-52549c5~84~ubuntu18.04.1
## Unit = inches, Angle = deg.

$BeginDESCRIPTION

$BOARD
upper_left_corner  0.943604  0.793604
lower_right_corner  7.020965  6.806396
$EndBOARD

$MODULE "J4"
reference "J4"
value "DB9_Female"
footprint "Connector_Dsub:DSUB-9_Female_Horizontal_P2.77x2.84mm_EdgePinOffset7.70mm_Housed_MountingHolesOffset9.12mm"
attribut none
position  1.732283  4.015748  orientation 270.00
layer front
$PAD "1"
Shape Rect Layer both
position  0.000000  0.000000  size  0.062992  0.062992  orientation 0.00
drill  0.039370
shape_offset  0.000000  0.000000
$EndPAD
$PAD "2"
Shape Circle Layer both
position -0.109055  0.000000  size  0.062992  0.062992  orientation 0.00
drill  0.039370
shape_offset  0.000000  0.000000
$EndPAD
$PAD "3"
Shape Circle Layer both
position -0.218110  0.000000  size  0.062992  0.062992  orientation 0.00
drill  0.039370
shape_offset  0.000000  0.000000
$EndPAD
$PAD "4"
Shape Circle Layer both
position -0.327165  0.000000  size  0.062992  0.062992  orientation 0.00
drill  0.039370
shape_offset  0.000000  0.000000
$EndPAD
$PAD "5"
Shape Circle Layer both
position -0.436220  0.000000  size  0.062992  0.062992  orientation 0.00
drill  0.039370
shape_offset  0.000000  0.000000
$EndPAD
$PAD "6"
Shape Circle Layer both
position -0.054528  0.111811  size  0.062992  0.062992  orientation 0.00
drill  0.039370
shape_offset  0.000000  0.000000
$EndPAD
$PAD "7"
Shape Circle Layer both
position -0.163583  0.111811  size  0.062992  0.062992  orientation 0.00
drill  0.039370
shape_offset  0.000000  0.000000
$EndPAD
$PAD "8"
Shape Circle Layer both
position -0.272638  0.111811  size  0.062992  0.062992  orientation 0.00
drill  0.039370
shape_offset  0.000000  0.000000
$EndPAD
$PAD "9"
Shape Circle Layer both
position -0.381693  0.111811  size  0.062992  0.062992  orientation 0.00
drill  0.039370
shape_offset  0.000000  0.000000
$EndPAD
$PAD "0"
Shape Circle Layer both
position -0.710236  0.055906  size  0.157480  0.157480  orientation 0.00
drill  0.125984
shape_offset  0.000000  0.000000
$EndPAD
$PAD "0"
Shape Circle Layer both
position  0.274016  0.055906  size  0.157480  0.157480  orientation 0.00
drill  0.125984
shape_offset  0.000000  0.000000
$EndPAD
$EndMODULE  J4

$MODULE "D4"
reference "D4"
value "B220A-13-F "
footprint "Diode_SMD:D_SMA"
attribut smd
position  4.350000  2.071260  orientation 270.00
layer front
$PAD "1"
Shape Rect Layer front
position -0.078740  0.000000  size  0.098425  0.070866  orientation 0.00
drill  0.000000
shape_offset  0.000000  0.000000
$EndPAD
$PAD "2"
Shape Rect Layer front
position  0.078740  0.000000  size  0.098425  0.070866  orientation 0.00
drill  0.000000
shape_offset  0.000000  0.000000
$EndPAD
$EndMODULE  D4

$MODULE "Y1"
reference "Y1"
value "16Mhz"
footprint "Oscillator:Oscillator_SMD_EuroQuartz_XO32-4Pin_3.2x2.5mm_HandSoldering"
attribut smd
position  5.660000  4.915000  orientation 315.00
layer front
$PAD "1"
Shape Rect Layer front
position -0.057087  0.030512  size  0.068898  0.035433  orientation 0.00
drill  0.000000
shape_offset  0.000000  0.000000
$EndPAD
$PAD "2"
Shape Rect Layer front
position  0.057087  0.030512  size  0.068898  0.035433  orientation 0.00
drill  0.000000
shape_offset  0.000000  0.000000
$EndPAD
$PAD "3"
Shape Rect Layer front
position  0.057087 -0.030512  size  0.068898  0.035433  orientation 0.00
drill  0.000000
shape_offset  0.000000  0.000000
$EndPAD
$PAD "4"
Shape Rect Layer front
position -0.057087 -0.030512  size  0.068898  0.035433  orientation 0.00
drill  0.000000
shape_offset  0.000000  0.000000
$EndPAD
$EndMODULE  Y1

$MODULE "RN1"
reference "RN1"
value "R_Pack 10k Ohms"
footprint "Package_SO:SSOP-20_3.9x8.7mm_P0.635mm"
attribut smd
position  6.250000  4.900000  orientation 180.00
layer front
$PAD "20"
Shape Rect Layer front
position  0.102362 -0.112500  size  0.047244  0.015748  orientation 0.00
drill  0.000000
shape_offset  0.000000  0.000000
$EndPAD
$PAD "19"
Shape Rect Layer front
position  0.102362 -0.087500  size  0.047244  0.015748  orientation 0.00
drill  0.000000
shape_offset  0.000000  0.000000
$EndPAD
$PAD "18"
Shape Rect Layer front
position  0.102362 -0.062500  size  0.047244  0.015748  orientation 0.00
drill  0.000000
shape_offset  0.000000  0.000000
$EndPAD
$PAD "17"
Shape Rect Layer front
position  0.102362 -0.037500  size  0.047244  0.015748  orientation 0.00
drill  0.000000
shape_offset  0.000000  0.000000
$EndPAD
$PAD "16"
Shape Rect Layer front
position  0.102362 -0.012500  size  0.047244  0.015748  orientation 0.00
drill  0.000000
shape_offset  0.000000  0.000000
$EndPAD
$PAD "15"
Shape Rect Layer front
position  0.102362  0.012500  size  0.047244  0.015748  orientation 0.00
drill  0.000000
shape_offset  0.000000  0.000000
$EndPAD
$PAD "14"
Shape Rect Layer front
position  0.102362  0.037500  size  0.047244  0.015748  orientation 0.00
drill  0.000000
shape_offset  0.000000  0.000000
$EndPAD
$PAD "13"
Shape Rect Layer front
position  0.102362  0.062500  size  0.047244  0.015748  orientation 0.00
drill  0.000000
shape_offset  0.000000  0.000000
$EndPAD
$PAD "12"
Shape Rect Layer front
position  0.102362  0.087500  size  0.047244  0.015748  orientation 0.00
drill  0.000000
shape_offset  0.000000  0.000000
$EndPAD
$PAD "11"
Shape Rect Layer front
position  0.102362  0.112500  size  0.047244  0.015748  orientation 0.00
drill  0.000000
shape_offset  0.000000  0.000000
$EndPAD
$PAD "10"
Shape Rect Layer front
position -0.102362  0.112500  size  0.047244  0.015748  orientation 0.00
drill  0.000000
shape_offset  0.000000  0.000000
$EndPAD
$PAD "9"
Shape Rect Layer front
position -0.102362  0.087500  size  0.047244  0.015748  orientation 0.00
drill  0.000000
shape_offset  0.000000  0.000000
$EndPAD
$PAD "8"
Shape Rect Layer front
position -0.102362  0.062500  size  0.047244  0.015748  orientation 0.00
drill  0.000000
shape_offset  0.000000  0.000000
$EndPAD
$PAD "7"
Shape Rect Layer front
position -0.102362  0.037500  size  0.047244  0.015748  orientation 0.00
drill  0.000000
shape_offset  0.000000  0.000000
$EndPAD
$PAD "6"
Shape Rect Layer front
position -0.102362  0.012500  size  0.047244  0.015748  orientation 0.00
drill  0.000000
shape_offset  0.000000  0.000000
$EndPAD
$PAD "5"
Shape Rect Layer front
position -0.102362 -0.012500  size  0.047244  0.015748  orientation 0.00
drill  0.000000
shape_offset  0.000000  0.000000
$EndPAD
$PAD "4"
Shape Rect Layer front
position -0.102362 -0.037500  size  0.047244  0.015748  orientation 0.00
drill  0.000000
shape_offset  0.000000  0.000000
$EndPAD
$PAD "3"
Shape Rect Layer front
position -0.102362 -0.062500  size  0.047244  0.015748  orientation 0.00
drill  0.000000
shape_offset  0.000000  0.000000
$EndPAD
$PAD "2"
Shape Rect Layer front
position -0.102362 -0.087500  size  0.047244  0.015748  orientation 0.00
drill  0.000000
shape_offset  0.000000  0.000000
$EndPAD
$PAD "1"
Shape Rect Layer front
position -0.102362 -0.112500  size  0.047244  0.015748  orientation 0.00
drill  0.000000
shape_offset  0.000000  0.000000
$EndPAD
$EndMODULE  RN1

$MODULE "U1"
reference "U1"
value "ATmega328P-PU"
footprint "Package_DIP:DIP-28_W7.62mm_SMDSocket_SmallPads"
attribut smd
position  5.500000  5.350000  orientation 225.00
layer front
$PAD "1"
Shape Rect Layer front
position -0.150000 -0.650000  size  0.062992  0.062992  orientation 0.00
drill  0.000000
shape_offset  0.000000  0.000000
$EndPAD
$PAD "15"
Shape Rect Layer front
position  0.150000  0.650000  size  0.062992  0.062992  orientation 0.00
drill  0.000000
shape_offset  0.000000  0.000000
$EndPAD
$PAD "2"
Shape Rect Layer front
position -0.150000 -0.550000  size  0.062992  0.062992  orientation 0.00
drill  0.000000
shape_offset  0.000000  0.000000
$EndPAD
$PAD "16"
Shape Rect Layer front
position  0.150000  0.550000  size  0.062992  0.062992  orientation 0.00
drill  0.000000
shape_offset  0.000000  0.000000
$EndPAD
$PAD "3"
Shape Rect Layer front
position -0.150000 -0.450000  size  0.062992  0.062992  orientation 0.00
drill  0.000000
shape_offset  0.000000  0.000000
$EndPAD
$PAD "17"
Shape Rect Layer front
position  0.150000  0.450000  size  0.062992  0.062992  orientation 0.00
drill  0.000000
shape_offset  0.000000  0.000000
$EndPAD
$PAD "4"
Shape Rect Layer front
position -0.150000 -0.350000  size  0.062992  0.062992  orientation 0.00
drill  0.000000
shape_offset  0.000000  0.000000
$EndPAD
$PAD "18"
Shape Rect Layer front
position  0.150000  0.350000  size  0.062992  0.062992  orientation 0.00
drill  0.000000
shape_offset  0.000000  0.000000
$EndPAD
$PAD "5"
Shape Rect Layer front
position -0.150000 -0.250000  size  0.062992  0.062992  orientation 0.00
drill  0.000000
shape_offset  0.000000  0.000000
$EndPAD
$PAD "19"
Shape Rect Layer front
position  0.150000  0.250000  size  0.062992  0.062992  orientation 0.00
drill  0.000000
shape_offset  0.000000  0.000000
$EndPAD
$PAD "6"
Shape Rect Layer front
position -0.150000 -0.150000  size  0.062992  0.062992  orientation 0.00
drill  0.000000
shape_offset  0.000000  0.000000
$EndPAD
$PAD "20"
Shape Rect Layer front
position  0.150000  0.150000  size  0.062992  0.062992  orientation 0.00
drill  0.000000
shape_offset  0.000000  0.000000
$EndPAD
$PAD "7"
Shape Rect Layer front
position -0.150000 -0.050000  size  0.062992  0.062992  orientation 0.00
drill  0.000000
shape_offset  0.000000  0.000000
$EndPAD
$PAD "21"
Shape Rect Layer front
position  0.150000  0.050000  size  0.062992  0.062992  orientation 0.00
drill  0.000000
shape_offset  0.000000  0.000000
$EndPAD
$PAD "8"
Shape Rect Layer front
position -0.150000  0.050000  size  0.062992  0.062992  orientation 0.00
drill  0.000000
shape_offset  0.000000  0.000000
$EndPAD
$PAD "22"
Shape Rect Layer front
position  0.150000 -0.050000  size  0.062992  0.062992  orientation 0.00
drill  0.000000
shape_offset  0.000000  0.000000
$EndPAD
$PAD "9"
Shape Rect Layer front
position -0.150000  0.150000  size  0.062992  0.062992  orientation 0.00
drill  0.000000
shape_offset  0.000000  0.000000
$EndPAD
$PAD "23"
Shape Rect Layer front
position  0.150000 -0.150000  size  0.062992  0.062992  orientation 0.00
drill  0.000000
shape_offset  0.000000  0.000000
$EndPAD
$PAD "10"
Shape Rect Layer front
position -0.150000  0.250000  size  0.062992  0.062992  orientation 0.00
drill  0.000000
shape_offset  0.000000  0.000000
$EndPAD
$PAD "24"
Shape Rect Layer front
position  0.150000 -0.250000  size  0.062992  0.062992  orientation 0.00
drill  0.000000
shape_offset  0.000000  0.000000
$EndPAD
$PAD "11"
Shape Rect Layer front
position -0.150000  0.350000  size  0.062992  0.062992  orientation 0.00
drill  0.000000
shape_offset  0.000000  0.000000
$EndPAD
$PAD "25"
Shape Rect Layer front
position  0.150000 -0.350000  size  0.062992  0.062992  orientation 0.00
drill  0.000000
shape_offset  0.000000  0.000000
$EndPAD
$PAD "12"
Shape Rect Layer front
position -0.150000  0.450000  size  0.062992  0.062992  orientation 0.00
drill  0.000000
shape_offset  0.000000  0.000000
$EndPAD
$PAD "26"
Shape Rect Layer front
position  0.150000 -0.450000  size  0.062992  0.062992  orientation 0.00
drill  0.000000
shape_offset  0.000000  0.000000
$EndPAD
$PAD "13"
Shape Rect Layer front
position -0.150000  0.550000  size  0.062992  0.062992  orientation 0.00
drill  0.000000
shape_offset  0.000000  0.000000
$EndPAD
$PAD "27"
Shape Rect Layer front
position  0.150000 -0.550000  size  0.062992  0.062992  orientation 0.00
drill  0.000000
shape_offset  0.000000  0.000000
$EndPAD
$PAD "14"
Shape Rect Layer front
position -0.150000  0.650000  size  0.062992  0.062992  orientation 0.00
drill  0.000000
shape_offset  0.000000  0.000000
$EndPAD
$PAD "28"
Shape Rect Layer front
position  0.150000 -0.650000  size  0.062992  0.062992  orientation 0.00
drill  0.000000
shape_offset  0.000000  0.000000
$EndPAD
$EndMODULE  U1

$MODULE "C19"
reference "C19"
value ".1uF"
footprint "Capacitor_SMD:C_0805_2012Metric_Pad1.15x1.40mm_HandSolder"
attribut smd
position  3.400000  5.440354  orientation 90.00
layer front
$PAD "2"
Shape Roundrect Layer front
position  0.040354  0.000000  size  0.045276  0.055118  orientation 0.00
drill  0.000000
shape_offset  0.000000  0.000000
$EndPAD
$PAD "1"
Shape Roundrect Layer front
position -0.040354  0.000000  size  0.045276  0.055118  orientation 0.00
drill  0.000000
shape_offset  0.000000  0.000000
$EndPAD
$EndMODULE  C19

$MODULE "U6"
reference "U6"
value "DS3231M"
footprint "Package_SO:SOIC-16W_7.5x10.3mm_P1.27mm"
attribut smd
position  3.950000  5.150000  orientation 0.00
layer front
$PAD "1"
Shape Roundrect Layer front
position -0.183071 -0.175000  size  0.080709  0.023622  orientation 0.00
drill  0.000000
shape_offset  0.000000  0.000000
$EndPAD
$PAD "2"
Shape Roundrect Layer front
position -0.183071 -0.125000  size  0.080709  0.023622  orientation 0.00
drill  0.000000
shape_offset  0.000000  0.000000
$EndPAD
$PAD "3"
Shape Roundrect Layer front
position -0.183071 -0.075000  size  0.080709  0.023622  orientation 0.00
drill  0.000000
shape_offset  0.000000  0.000000
$EndPAD
$PAD "4"
Shape Roundrect Layer front
position -0.183071 -0.025000  size  0.080709  0.023622  orientation 0.00
drill  0.000000
shape_offset  0.000000  0.000000
$EndPAD
$PAD "5"
Shape Roundrect Layer front
position -0.183071  0.025000  size  0.080709  0.023622  orientation 0.00
drill  0.000000
shape_offset  0.000000  0.000000
$EndPAD
$PAD "6"
Shape Roundrect Layer front
position -0.183071  0.075000  size  0.080709  0.023622  orientation 0.00
drill  0.000000
shape_offset  0.000000  0.000000
$EndPAD
$PAD "7"
Shape Roundrect Layer front
position -0.183071  0.125000  size  0.080709  0.023622  orientation 0.00
drill  0.000000
shape_offset  0.000000  0.000000
$EndPAD
$PAD "8"
Shape Roundrect Layer front
position -0.183071  0.175000  size  0.080709  0.023622  orientation 0.00
drill  0.000000
shape_offset  0.000000  0.000000
$EndPAD
$PAD "9"
Shape Roundrect Layer front
position  0.183071  0.175000  size  0.080709  0.023622  orientation 0.00
drill  0.000000
shape_offset  0.000000  0.000000
$EndPAD
$PAD "10"
Shape Roundrect Layer front
position  0.183071  0.125000  size  0.080709  0.023622  orientation 0.00
drill  0.000000
shape_offset  0.000000  0.000000
$EndPAD
$PAD "11"
Shape Roundrect Layer front
position  0.183071  0.075000  size  0.080709  0.023622  orientation 0.00
drill  0.000000
shape_offset  0.000000  0.000000
$EndPAD
$PAD "12"
Shape Roundrect Layer front
position  0.183071  0.025000  size  0.080709  0.023622  orientation 0.00
drill  0.000000
shape_offset  0.000000  0.000000
$EndPAD
$PAD "13"
Shape Roundrect Layer front
position  0.183071 -0.025000  size  0.080709  0.023622  orientation 0.00
drill  0.000000
shape_offset  0.000000  0.000000
$EndPAD
$PAD "14"
Shape Roundrect Layer front
position  0.183071 -0.075000  size  0.080709  0.023622  orientation 0.00
drill  0.000000
shape_offset  0.000000  0.000000
$EndPAD
$PAD "15"
Shape Roundrect Layer front
position  0.183071 -0.125000  size  0.080709  0.023622  orientation 0.00
drill  0.000000
shape_offset  0.000000  0.000000
$EndPAD
$PAD "16"
Shape Roundrect Layer front
position  0.183071 -0.175000  size  0.080709  0.023622  orientation 0.00
drill  0.000000
shape_offset  0.000000  0.000000
$EndPAD
$EndMODULE  U6

$MODULE "Q1"
reference "Q1"
value "FDG1024NZ"
footprint "Package_TO_SOT_SMD:SOT-363_SC-70-6"
attribut smd
position  4.450000  6.450000  orientation 90.00
layer front
$PAD "6"
Shape Rect Layer front
position  0.037402 -0.025591  size  0.025591  0.015748  orientation 0.00
drill  0.000000
shape_offset  0.000000  0.000000
$EndPAD
$PAD "4"
Shape Rect Layer front
position  0.037402  0.025591  size  0.025591  0.015748  orientation 0.00
drill  0.000000
shape_offset  0.000000  0.000000
$EndPAD
$PAD "2"
Shape Rect Layer front
position -0.037402  0.000000  size  0.025591  0.015748  orientation 0.00
drill  0.000000
shape_offset  0.000000  0.000000
$EndPAD
$PAD "5"
Shape Rect Layer front
position  0.037402  0.000000  size  0.025591  0.015748  orientation 0.00
drill  0.000000
shape_offset  0.000000  0.000000
$EndPAD
$PAD "3"
Shape Rect Layer front
position -0.037402  0.025591  size  0.025591  0.015748  orientation 0.00
drill  0.000000
shape_offset  0.000000  0.000000
$EndPAD
$PAD "1"
Shape Rect Layer front
position -0.037402 -0.025591  size  0.025591  0.015748  orientation 0.00
drill  0.000000
shape_offset  0.000000  0.000000
$EndPAD
$EndMODULE  Q1

$MODULE "K1"
reference "K1"
value "DS2E-SL2-DC5V"
footprint "Package_DIP:DIP-16_W7.62mm_SMDSocket_SmallPads"
attribut smd
position  3.950000  6.300000  orientation 180.00
layer front
$PAD "16"
Shape Rect Layer front
position  0.150000 -0.350000  size  0.062992  0.062992  orientation 0.00
drill  0.000000
shape_offset  0.000000  0.000000
$EndPAD
$PAD "8"
Shape Rect Layer front
position -0.150000  0.350000  size  0.062992  0.062992  orientation 0.00
drill  0.000000
shape_offset  0.000000  0.000000
$EndPAD
$PAD "15"
Shape Rect Layer front
position  0.150000 -0.250000  size  0.062992  0.062992  orientation 0.00
drill  0.000000
shape_offset  0.000000  0.000000
$EndPAD
$PAD "7"
Shape Rect Layer front
position -0.150000  0.250000  size  0.062992  0.062992  orientation 0.00
drill  0.000000
shape_offset  0.000000  0.000000
$EndPAD
$PAD "14"
Shape Rect Layer front
position  0.150000 -0.150000  size  0.062992  0.062992  orientation 0.00
drill  0.000000
shape_offset  0.000000  0.000000
$EndPAD
$PAD "6"
Shape Rect Layer front
position -0.150000  0.150000  size  0.062992  0.062992  orientation 0.00
drill  0.000000
shape_offset  0.000000  0.000000
$EndPAD
$PAD "13"
Shape Rect Layer front
position  0.150000 -0.050000  size  0.062992  0.062992  orientation 0.00
drill  0.000000
shape_offset  0.000000  0.000000
$EndPAD
$PAD "5"
Shape Rect Layer front
position -0.150000  0.050000  size  0.062992  0.062992  orientation 0.00
drill  0.000000
shape_offset  0.000000  0.000000
$EndPAD
$PAD "12"
Shape Rect Layer front
position  0.150000  0.050000  size  0.062992  0.062992  orientation 0.00
drill  0.000000
shape_offset  0.000000  0.000000
$EndPAD
$PAD "4"
Shape Rect Layer front
position -0.150000 -0.050000  size  0.062992  0.062992  orientation 0.00
drill  0.000000
shape_offset  0.000000  0.000000
$EndPAD
$PAD "11"
Shape Rect Layer front
position  0.150000  0.150000  size  0.062992  0.062992  orientation 0.00
drill  0.000000
shape_offset  0.000000  0.000000
$EndPAD
$PAD "3"
Shape Rect Layer front
position -0.150000 -0.150000  size  0.062992  0.062992  orientation 0.00
drill  0.000000
shape_offset  0.000000  0.000000
$EndPAD
$PAD "10"
Shape Rect Layer front
position  0.150000  0.250000  size  0.062992  0.062992  orientation 0.00
drill  0.000000
shape_offset  0.000000  0.000000
$EndPAD
$PAD "2"
Shape Rect Layer front
position -0.150000 -0.250000  size  0.062992  0.062992  orientation 0.00
drill  0.000000
shape_offset  0.000000  0.000000
$EndPAD
$PAD "9"
Shape Rect Layer front
position  0.150000  0.350000  size  0.062992  0.062992  orientation 0.00
drill  0.000000
shape_offset  0.000000  0.000000
$EndPAD
$PAD "1"
Shape Rect Layer front
position -0.150000 -0.350000  size  0.062992  0.062992  orientation 0.00
drill  0.000000
shape_offset  0.000000  0.000000
$EndPAD
$EndMODULE  K1

$MODULE "J8"
reference "J8"
value "Conn_01x02_Female"
footprint "Battery:BatteryHolder_Keystone_1058_1x2032"
attribut smd
position  1.900000  2.350000  orientation 236.00
layer front
$PAD "1"
Shape Rect Layer front
position -0.577953  0.000000  size  0.100000  0.138189  orientation 0.00
drill  0.000000
shape_offset  0.000000  0.000000
$EndPAD
$PAD "2"
Shape Rect Layer front
position  0.577953  0.000000  size  0.100000  0.138189  orientation 0.00
drill  0.000000
shape_offset  0.000000  0.000000
$EndPAD
$EndMODULE  J8

$MODULE "J2"
reference "J2"
value "Conn_02x03_Odd_Even"
footprint "Connector_Molex:Molex_Mega-Fit_76825-0006_2x03_P5.70mm_Horizontal"
attribut none
position  2.880000  1.760000  orientation 23.00
layer front
$PAD "1"
Shape Roundrect Layer both
position  0.000000  0.000000  size  0.145669  0.145669  orientation 0.00
drill  0.070866
shape_offset  0.000000  0.000000
$EndPAD
$PAD "2"
Shape Circle Layer both
position  0.224409  0.000000  size  0.145669  0.145669  orientation 0.00
drill  0.070866
shape_offset  0.000000  0.000000
$EndPAD
$PAD "3"
Shape Circle Layer both
position  0.448819  0.000000  size  0.145669  0.145669  orientation 0.00
drill  0.070866
shape_offset  0.000000  0.000000
$EndPAD
$PAD "4"
Shape Circle Layer both
position  0.000000  0.216535  size  0.145669  0.145669  orientation 0.00
drill  0.070866
shape_offset  0.000000  0.000000
$EndPAD
$PAD "5"
Shape Circle Layer both
position  0.224409  0.216535  size  0.145669  0.145669  orientation 0.00
drill  0.070866
shape_offset  0.000000  0.000000
$EndPAD
$PAD "6"
Shape Circle Layer both
position  0.448819  0.216535  size  0.145669  0.145669  orientation 0.00
drill  0.070866
shape_offset  0.000000  0.000000
$EndPAD
$PAD ""
Shape Circle Layer both
position  0.000000 -0.287402  size  0.118110  0.118110  orientation 0.00
drill  0.118110
shape_offset  0.000000  0.000000
$EndPAD
$PAD ""
Shape Circle Layer both
position  0.448819 -0.287402  size  0.118110  0.118110  orientation 0.00
drill  0.118110
shape_offset  0.000000  0.000000
$EndPAD
$EndMODULE  J2

$MODULE "K2"
reference "K2"
value "DS2E-SL2-DC5V"
footprint "Package_DIP:DIP-16_W7.62mm_SMDSocket_SmallPads"
attribut smd
position  3.950000  1.300000  orientation 0.00
layer front
$PAD "16"
Shape Rect Layer front
position  0.150000 -0.350000  size  0.062992  0.062992  orientation 0.00
drill  0.000000
shape_offset  0.000000  0.000000
$EndPAD
$PAD "8"
Shape Rect Layer front
position -0.150000  0.350000  size  0.062992  0.062992  orientation 0.00
drill  0.000000
shape_offset  0.000000  0.000000
$EndPAD
$PAD "15"
Shape Rect Layer front
position  0.150000 -0.250000  size  0.062992  0.062992  orientation 0.00
drill  0.000000
shape_offset  0.000000  0.000000
$EndPAD
$PAD "7"
Shape Rect Layer front
position -0.150000  0.250000  size  0.062992  0.062992  orientation 0.00
drill  0.000000
shape_offset  0.000000  0.000000
$EndPAD
$PAD "14"
Shape Rect Layer front
position  0.150000 -0.150000  size  0.062992  0.062992  orientation 0.00
drill  0.000000
shape_offset  0.000000  0.000000
$EndPAD
$PAD "6"
Shape Rect Layer front
position -0.150000  0.150000  size  0.062992  0.062992  orientation 0.00
drill  0.000000
shape_offset  0.000000  0.000000
$EndPAD
$PAD "13"
Shape Rect Layer front
position  0.150000 -0.050000  size  0.062992  0.062992  orientation 0.00
drill  0.000000
shape_offset  0.000000  0.000000
$EndPAD
$PAD "5"
Shape Rect Layer front
position -0.150000  0.050000  size  0.062992  0.062992  orientation 0.00
drill  0.000000
shape_offset  0.000000  0.000000
$EndPAD
$PAD "12"
Shape Rect Layer front
position  0.150000  0.050000  size  0.062992  0.062992  orientation 0.00
drill  0.000000
shape_offset  0.000000  0.000000
$EndPAD
$PAD "4"
Shape Rect Layer front
position -0.150000 -0.050000  size  0.062992  0.062992  orientation 0.00
drill  0.000000
shape_offset  0.000000  0.000000
$EndPAD
$PAD "11"
Shape Rect Layer front
position  0.150000  0.150000  size  0.062992  0.062992  orientation 0.00
drill  0.000000
shape_offset  0.000000  0.000000
$EndPAD
$PAD "3"
Shape Rect Layer front
position -0.150000 -0.150000  size  0.062992  0.062992  orientation 0.00
drill  0.000000
shape_offset  0.000000  0.000000
$EndPAD
$PAD "10"
Shape Rect Layer front
position  0.150000  0.250000  size  0.062992  0.062992  orientation 0.00
drill  0.000000
shape_offset  0.000000  0.000000
$EndPAD
$PAD "2"
Shape Rect Layer front
position -0.150000 -0.250000  size  0.062992  0.062992  orientation 0.00
drill  0.000000
shape_offset  0.000000  0.000000
$EndPAD
$PAD "9"
Shape Rect Layer front
position  0.150000  0.350000  size  0.062992  0.062992  orientation 0.00
drill  0.000000
shape_offset  0.000000  0.000000
$EndPAD
$PAD "1"
Shape Rect Layer front
position -0.150000 -0.350000  size  0.062992  0.062992  orientation 0.00
drill  0.000000
shape_offset  0.000000  0.000000
$EndPAD
$EndMODULE  K2

$MODULE "D3"
reference "D3"
value "B220A-13-F "
footprint "Diode_SMD:D_SMA"
attribut smd
position  4.500000  1.000000  orientation 0.00
layer front
$PAD "1"
Shape Rect Layer front
position -0.078740  0.000000  size  0.098425  0.070866  orientation 0.00
drill  0.000000
shape_offset  0.000000  0.000000
$EndPAD
$PAD "2"
Shape Rect Layer front
position  0.078740  0.000000  size  0.098425  0.070866  orientation 0.00
drill  0.000000
shape_offset  0.000000  0.000000
$EndPAD
$EndMODULE  D3

$MODULE "J1"
reference "J1"
value "Conn_01x02"
footprint "Connector_Molex:Molex_Mini-Fit_Jr_5569-02A1_2x01_P4.20mm_Horizontal"
attribut none
position  4.800000  1.600000  orientation 338.00
layer front
$PAD "1"
Shape Roundrect Layer both
position  0.000000  0.000000  size  0.106299  0.145669  orientation 0.00
drill  0.070866
shape_offset  0.000000  0.000000
$EndPAD
$PAD "2"
Shape Oval Layer both
position  0.000000  0.216535  size  0.106299  0.145669  orientation 0.00
drill  0.070866
shape_offset  0.000000  0.000000
$EndPAD
$PAD ""
Shape Circle Layer both
position -0.177165 -0.165354  size  0.125984  0.125984  orientation 0.00
drill  0.125984
shape_offset  0.000000  0.000000
$EndPAD
$PAD ""
Shape Circle Layer both
position  0.177165 -0.165354  size  0.125984  0.125984  orientation 0.00
drill  0.125984
shape_offset  0.000000  0.000000
$EndPAD
$EndMODULE  J1

$MODULE "U3"
reference "U3"
value "74LVC125"
footprint "Package_SO:TSSOP-14_4.4x5mm_P0.65mm"
attribut smd
position  5.500000  1.700000  orientation 0.00
layer front
$PAD "1"
Shape Rect Layer front
position -0.116142 -0.076772  size  0.057087  0.017717  orientation 0.00
drill  0.000000
shape_offset  0.000000  0.000000
$EndPAD
$PAD "2"
Shape Rect Layer front
position -0.116142 -0.051181  size  0.057087  0.017717  orientation 0.00
drill  0.000000
shape_offset  0.000000  0.000000
$EndPAD
$PAD "3"
Shape Rect Layer front
position -0.116142 -0.025591  size  0.057087  0.017717  orientation 0.00
drill  0.000000
shape_offset  0.000000  0.000000
$EndPAD
$PAD "4"
Shape Rect Layer front
position -0.116142  0.000000  size  0.057087  0.017717  orientation 0.00
drill  0.000000
shape_offset  0.000000  0.000000
$EndPAD
$PAD "5"
Shape Rect Layer front
position -0.116142  0.025591  size  0.057087  0.017717  orientation 0.00
drill  0.000000
shape_offset  0.000000  0.000000
$EndPAD
$PAD "6"
Shape Rect Layer front
position -0.116142  0.051181  size  0.057087  0.017717  orientation 0.00
drill  0.000000
shape_offset  0.000000  0.000000
$EndPAD
$PAD "7"
Shape Rect Layer front
position -0.116142  0.076772  size  0.057087  0.017717  orientation 0.00
drill  0.000000
shape_offset  0.000000  0.000000
$EndPAD
$PAD "8"
Shape Rect Layer front
position  0.116142  0.076772  size  0.057087  0.017717  orientation 0.00
drill  0.000000
shape_offset  0.000000  0.000000
$EndPAD
$PAD "9"
Shape Rect Layer front
position  0.116142  0.051181  size  0.057087  0.017717  orientation 0.00
drill  0.000000
shape_offset  0.000000  0.000000
$EndPAD
$PAD "10"
Shape Rect Layer front
position  0.116142  0.025591  size  0.057087  0.017717  orientation 0.00
drill  0.000000
shape_offset  0.000000  0.000000
$EndPAD
$PAD "11"
Shape Rect Layer front
position  0.116142  0.000000  size  0.057087  0.017717  orientation 0.00
drill  0.000000
shape_offset  0.000000  0.000000
$EndPAD
$PAD "12"
Shape Rect Layer front
position  0.116142 -0.025591  size  0.057087  0.017717  orientation 0.00
drill  0.000000
shape_offset  0.000000  0.000000
$EndPAD
$PAD "13"
Shape Rect Layer front
position  0.116142 -0.051181  size  0.057087  0.017717  orientation 0.00
drill  0.000000
shape_offset  0.000000  0.000000
$EndPAD
$PAD "14"
Shape Rect Layer front
position  0.116142 -0.076772  size  0.057087  0.017717  orientation 0.00
drill  0.000000
shape_offset  0.000000  0.000000
$EndPAD
$EndMODULE  U3

$MODULE "J6"
reference "J6"
value "Micro_SD_Card"
footprint "Connector_Card:microSD_HC_Wuerth_693072010801"
attribut smd
position  6.050000  2.300000  orientation 124.00
layer front
$PAD "9"
Shape Rect Layer front
position  0.270669 -0.163386  size  0.057087  0.078740  orientation 0.00
drill  0.000000
shape_offset  0.000000  0.000000
$EndPAD
$PAD "9"
Shape Rect Layer front
position -0.270669 -0.163386  size  0.057087  0.078740  orientation 0.00
drill  0.000000
shape_offset  0.000000  0.000000
$EndPAD
$PAD "9"
Shape Rect Layer front
position -0.270669  0.163386  size  0.057087  0.078740  orientation 0.00
drill  0.000000
shape_offset  0.000000  0.000000
$EndPAD
$PAD "9"
Shape Rect Layer front
position  0.270669  0.163386  size  0.057087  0.078740  orientation 0.00
drill  0.000000
shape_offset  0.000000  0.000000
$EndPAD
$PAD "8"
Shape Rect Layer front
position  0.177165 -0.061024  size  0.031496  0.059055  orientation 0.00
drill  0.000000
shape_offset  0.000000  0.000000
$EndPAD
$PAD "7"
Shape Rect Layer front
position  0.133858 -0.061024  size  0.031496  0.059055  orientation 0.00
drill  0.000000
shape_offset  0.000000  0.000000
$EndPAD
$PAD "6"
Shape Rect Layer front
position  0.090551 -0.061024  size  0.031496  0.059055  orientation 0.00
drill  0.000000
shape_offset  0.000000  0.000000
$EndPAD
$PAD "5"
Shape Rect Layer front
position  0.047244 -0.061024  size  0.031496  0.059055  orientation 0.00
drill  0.000000
shape_offset  0.000000  0.000000
$EndPAD
$PAD "4"
Shape Rect Layer front
position  0.003937 -0.061024  size  0.031496  0.059055  orientation 0.00
drill  0.000000
shape_offset  0.000000  0.000000
$EndPAD
$PAD "3"
Shape Rect Layer front
position -0.039370 -0.061024  size  0.031496  0.059055  orientation 0.00
drill  0.000000
shape_offset  0.000000  0.000000
$EndPAD
$PAD "2"
Shape Rect Layer front
position -0.082677 -0.061024  size  0.031496  0.059055  orientation 0.00
drill  0.000000
shape_offset  0.000000  0.000000
$EndPAD
$PAD "1"
Shape Rect Layer front
position -0.125984 -0.061024  size  0.031496  0.059055  orientation 0.00
drill  0.000000
shape_offset  0.000000  0.000000
$EndPAD
$EndMODULE  J6

$MODULE "C3"
reference "C3"
value "1uF"
footprint "Capacitor_SMD:C_0805_2012Metric_Pad1.15x1.40mm_HandSolder"
attribut smd
position  5.305000  3.469646  orientation 270.00
layer front
$PAD "1"
Shape Roundrect Layer front
position -0.040354  0.000000  size  0.045276  0.055118  orientation 0.00
drill  0.000000
shape_offset  0.000000  0.000000
$EndPAD
$PAD "2"
Shape Roundrect Layer front
position  0.040354  0.000000  size  0.045276  0.055118  orientation 0.00
drill  0.000000
shape_offset  0.000000  0.000000
$EndPAD
$EndMODULE  C3

$MODULE "C4"
reference "C4"
value "1uF"
footprint "Capacitor_SMD:C_0805_2012Metric_Pad1.15x1.40mm_HandSolder"
attribut smd
position  5.990000  3.459646  orientation 270.00
layer front
$PAD "2"
Shape Roundrect Layer front
position  0.040354  0.000000  size  0.045276  0.055118  orientation 0.00
drill  0.000000
shape_offset  0.000000  0.000000
$EndPAD
$PAD "1"
Shape Roundrect Layer front
position -0.040354  0.000000  size  0.045276  0.055118  orientation 0.00
drill  0.000000
shape_offset  0.000000  0.000000
$EndPAD
$EndMODULE  C4

$MODULE "C5"
reference "C5"
value "1uF"
footprint "Capacitor_SMD:C_0805_2012Metric_Pad1.15x1.40mm_HandSolder"
attribut smd
position  5.620000  3.180000  orientation 0.00
layer front
$PAD "2"
Shape Roundrect Layer front
position  0.040354  0.000000  size  0.045276  0.055118  orientation 0.00
drill  0.000000
shape_offset  0.000000  0.000000
$EndPAD
$PAD "1"
Shape Roundrect Layer front
position -0.040354  0.000000  size  0.045276  0.055118  orientation 0.00
drill  0.000000
shape_offset  0.000000  0.000000
$EndPAD
$EndMODULE  C5

$MODULE "C6"
reference "C6"
value "1uF"
footprint "Capacitor_SMD:C_0805_2012Metric_Pad1.15x1.40mm_HandSolder"
attribut smd
position  5.310000  3.669646  orientation 270.00
layer front
$PAD "1"
Shape Roundrect Layer front
position -0.040354  0.000000  size  0.045276  0.055118  orientation 0.00
drill  0.000000
shape_offset  0.000000  0.000000
$EndPAD
$PAD "2"
Shape Roundrect Layer front
position  0.040354  0.000000  size  0.045276  0.055118  orientation 0.00
drill  0.000000
shape_offset  0.000000  0.000000
$EndPAD
$EndMODULE  C6

$MODULE "C7"
reference "C7"
value "1uF"
footprint "Capacitor_SMD:C_0805_2012Metric_Pad1.15x1.40mm_HandSolder"
attribut smd
position  6.600000  4.840354  orientation 270.00
layer front
$PAD "1"
Shape Roundrect Layer front
position -0.040354  0.000000  size  0.045276  0.055118  orientation 0.00
drill  0.000000
shape_offset  0.000000  0.000000
$EndPAD
$PAD "2"
Shape Roundrect Layer front
position  0.040354  0.000000  size  0.045276  0.055118  orientation 0.00
drill  0.000000
shape_offset  0.000000  0.000000
$EndPAD
$EndMODULE  C7

$MODULE "C8"
reference "C8"
value "4.7uF"
footprint "Capacitor_SMD:C_0805_2012Metric_Pad1.15x1.40mm_HandSolder"
attribut smd
position  2.120000  3.820000  orientation 180.00
layer front
$PAD "1"
Shape Roundrect Layer front
position -0.040354  0.000000  size  0.045276  0.055118  orientation 0.00
drill  0.000000
shape_offset  0.000000  0.000000
$EndPAD
$PAD "2"
Shape Roundrect Layer front
position  0.040354  0.000000  size  0.045276  0.055118  orientation 0.00
drill  0.000000
shape_offset  0.000000  0.000000
$EndPAD
$EndMODULE  C8

$MODULE "C9"
reference "C9"
value ".1uF"
footprint "Capacitor_SMD:C_0805_2012Metric_Pad1.15x1.40mm_HandSolder"
attribut smd
position  2.160000  4.550000  orientation 270.00
layer front
$PAD "2"
Shape Roundrect Layer front
position  0.040354  0.000000  size  0.045276  0.055118  orientation 0.00
drill  0.000000
shape_offset  0.000000  0.000000
$EndPAD
$PAD "1"
Shape Roundrect Layer front
position -0.040354  0.000000  size  0.045276  0.055118  orientation 0.00
drill  0.000000
shape_offset  0.000000  0.000000
$EndPAD
$EndMODULE  C9

$MODULE "C10"
reference "C10"
value "10nF"
footprint "Capacitor_SMD:C_0805_2012Metric_Pad1.15x1.40mm_HandSolder"
attribut smd
position  2.559646  3.825000  orientation 180.00
layer front
$PAD "1"
Shape Roundrect Layer front
position -0.040354  0.000000  size  0.045276  0.055118  orientation 0.00
drill  0.000000
shape_offset  0.000000  0.000000
$EndPAD
$PAD "2"
Shape Roundrect Layer front
position  0.040354  0.000000  size  0.045276  0.055118  orientation 0.00
drill  0.000000
shape_offset  0.000000  0.000000
$EndPAD
$EndMODULE  C10

$MODULE "C11"
reference "C11"
value "10pF"
footprint "Capacitor_SMD:C_0805_2012Metric_Pad1.15x1.40mm_HandSolder"
attribut smd
position  2.559646  4.075000  orientation 0.00
layer front
$PAD "2"
Shape Roundrect Layer front
position  0.040354  0.000000  size  0.045276  0.055118  orientation 0.00
drill  0.000000
shape_offset  0.000000  0.000000
$EndPAD
$PAD "1"
Shape Roundrect Layer front
position -0.040354  0.000000  size  0.045276  0.055118  orientation 0.00
drill  0.000000
shape_offset  0.000000  0.000000
$EndPAD
$EndMODULE  C11

$MODULE "C12"
reference "C12"
value "1uF"
footprint "Capacitor_SMD:C_0805_2012Metric_Pad1.15x1.40mm_HandSolder"
attribut smd
position  2.290000  4.659646  orientation 270.00
layer front
$PAD "2"
Shape Roundrect Layer front
position  0.040354  0.000000  size  0.045276  0.055118  orientation 0.00
drill  0.000000
shape_offset  0.000000  0.000000
$EndPAD
$PAD "1"
Shape Roundrect Layer front
position -0.040354  0.000000  size  0.045276  0.055118  orientation 0.00
drill  0.000000
shape_offset  0.000000  0.000000
$EndPAD
$EndMODULE  C12

$MODULE "C13"
reference "C13"
value "22uF"
footprint "Capacitor_SMD:C_0805_2012Metric_Pad1.15x1.40mm_HandSolder"
attribut smd
position  1.889646  4.720000  orientation 180.00
layer front
$PAD "1"
Shape Roundrect Layer front
position -0.040354  0.000000  size  0.045276  0.055118  orientation 0.00
drill  0.000000
shape_offset  0.000000  0.000000
$EndPAD
$PAD "2"
Shape Roundrect Layer front
position  0.040354  0.000000  size  0.045276  0.055118  orientation 0.00
drill  0.000000
shape_offset  0.000000  0.000000
$EndPAD
$EndMODULE  C13

$MODULE "C14"
reference "C14"
value ".27uF"
footprint "Capacitor_SMD:C_1206_3216Metric_Pad1.42x1.75mm_HandSolder"
attribut smd
position  2.883563  3.105000  orientation 0.00
layer front
$PAD "1"
Shape Roundrect Layer front
position -0.058563  0.000000  size  0.056102  0.068898  orientation 0.00
drill  0.000000
shape_offset  0.000000  0.000000
$EndPAD
$PAD "2"
Shape Roundrect Layer front
position  0.058563  0.000000  size  0.056102  0.068898  orientation 0.00
drill  0.000000
shape_offset  0.000000  0.000000
$EndPAD
$EndMODULE  C14

$MODULE "C15"
reference "C15"
value "100uF"
footprint "Capacitor_Tantalum_SMD:CP_EIA-7343-31_Kemet-D_Pad2.25x2.55mm_HandSolder"
attribut smd
position  3.510000  2.365984  orientation 90.00
layer front
$PAD "1"
Shape Roundrect Layer front
position -0.125984  0.000000  size  0.088583  0.100394  orientation 0.00
drill  0.000000
shape_offset  0.000000  0.000000
$EndPAD
$PAD "2"
Shape Roundrect Layer front
position  0.125984  0.000000  size  0.088583  0.100394  orientation 0.00
drill  0.000000
shape_offset  0.000000  0.000000
$EndPAD
$EndMODULE  C15

$MODULE "C16"
reference "C16"
value "5000pF"
footprint "Capacitor_SMD:C_0805_2012Metric_Pad1.15x1.40mm_HandSolder"
attribut smd
position  3.395000  3.120000  orientation 0.00
layer front
$PAD "1"
Shape Roundrect Layer front
position -0.040354  0.000000  size  0.045276  0.055118  orientation 0.00
drill  0.000000
shape_offset  0.000000  0.000000
$EndPAD
$PAD "2"
Shape Roundrect Layer front
position  0.040354  0.000000  size  0.045276  0.055118  orientation 0.00
drill  0.000000
shape_offset  0.000000  0.000000
$EndPAD
$EndMODULE  C16

$MODULE "C17"
reference "C17"
value "10uF"
footprint "Capacitor_SMD:C_1206_3216Metric_Pad1.42x1.75mm_HandSolder"
attribut smd
position  3.245000  2.446437  orientation 90.00
layer front
$PAD "2"
Shape Roundrect Layer front
position  0.058563  0.000000  size  0.056102  0.068898  orientation 0.00
drill  0.000000
shape_offset  0.000000  0.000000
$EndPAD
$PAD "1"
Shape Roundrect Layer front
position -0.058563  0.000000  size  0.056102  0.068898  orientation 0.00
drill  0.000000
shape_offset  0.000000  0.000000
$EndPAD
$EndMODULE  C17

$MODULE "C18"
reference "C18"
value "10uF"
footprint "Capacitor_SMD:C_1206_3216Metric_Pad1.42x1.75mm_HandSolder"
attribut smd
position  3.780000  2.376437  orientation 90.00
layer front
$PAD "1"
Shape Roundrect Layer front
position -0.058563  0.000000  size  0.056102  0.068898  orientation 0.00
drill  0.000000
shape_offset  0.000000  0.000000
$EndPAD
$PAD "2"
Shape Roundrect Layer front
position  0.058563  0.000000  size  0.056102  0.068898  orientation 0.00
drill  0.000000
shape_offset  0.000000  0.000000
$EndPAD
$EndMODULE  C18

$MODULE "D1"
reference "D1"
value "B220A-13-F "
footprint "Diode_SMD:D_SMA"
attribut smd
position  3.371260  5.900000  orientation 180.00
layer front
$PAD "2"
Shape Rect Layer front
position  0.078740  0.000000  size  0.098425  0.070866  orientation 0.00
drill  0.000000
shape_offset  0.000000  0.000000
$EndPAD
$PAD "1"
Shape Rect Layer front
position -0.078740  0.000000  size  0.098425  0.070866  orientation 0.00
drill  0.000000
shape_offset  0.000000  0.000000
$EndPAD
$EndMODULE  D1

$MODULE "D2"
reference "D2"
value "B220A-13-F "
footprint "Diode_SMD:D_SMA"
attribut smd
position  3.350000  6.478740  orientation 90.00
layer front
$PAD "2"
Shape Rect Layer front
position  0.078740  0.000000  size  0.098425  0.070866  orientation 0.00
drill  0.000000
shape_offset  0.000000  0.000000
$EndPAD
$PAD "1"
Shape Rect Layer front
position -0.078740  0.000000  size  0.098425  0.070866  orientation 0.00
drill  0.000000
shape_offset  0.000000  0.000000
$EndPAD
$EndMODULE  D2

$MODULE "D6"
reference "D6"
value "MBRS340"
footprint "Diode_SMD:D_SMC"
attribut smd
position  2.905000  2.353858  orientation 90.00
layer front
$PAD "1"
Shape Rect Layer front
position -0.133858  0.000000  size  0.129921  0.098425  orientation 90.00
drill  0.000000
shape_offset  0.000000  0.000000
$EndPAD
$PAD "2"
Shape Rect Layer front
position  0.133858  0.000000  size  0.129921  0.098425  orientation 90.00
drill  0.000000
shape_offset  0.000000  0.000000
$EndPAD
$EndMODULE  D6

$MODULE "J3"
reference "J3"
value "Conn_01x02"
footprint "Connector_Molex:Molex_Mega-Fit_76825-0002_2x01_P5.70mm_Horizontal"
attribut none
position  4.850000  5.900000  orientation 203.00
layer front
$PAD "1"
Shape Roundrect Layer both
position  0.000000  0.000000  size  0.145669  0.145669  orientation 0.00
drill  0.070866
shape_offset  0.000000  0.000000
$EndPAD
$PAD "2"
Shape Circle Layer both
position  0.000000  0.216535  size  0.145669  0.145669  orientation 0.00
drill  0.070866
shape_offset  0.000000  0.000000
$EndPAD
$PAD ""
Shape Circle Layer both
position  0.000000 -0.287402  size  0.118110  0.118110  orientation 0.00
drill  0.118110
shape_offset  0.000000  0.000000
$EndPAD
$EndMODULE  J3

$MODULE "L1"
reference "L1"
value "2.2uH"
footprint "Inductor_SMD:L_0805_2012Metric_Pad1.15x1.40mm_HandSolder"
attribut smd
position  1.980000  4.520000  orientation 0.00
layer front
$PAD "1"
Shape Roundrect Layer front
position -0.040354  0.000000  size  0.045276  0.055118  orientation 0.00
drill  0.000000
shape_offset  0.000000  0.000000
$EndPAD
$PAD "2"
Shape Roundrect Layer front
position  0.040354  0.000000  size  0.045276  0.055118  orientation 0.00
drill  0.000000
shape_offset  0.000000  0.000000
$EndPAD
$EndMODULE  L1

$MODULE "L2"
reference "L2"
value "10uH"
footprint "datapod:L_Sumida_CDMC6D28_7.25x6.5mm"
attribut smd
position  3.075000  2.767795  orientation 270.00
layer front
$PAD "2"
Shape Rect Layer front
position  0.112205  0.000000  size  0.078740  0.133858  orientation 0.00
drill  0.000000
shape_offset  0.000000  0.000000
$EndPAD
$PAD "1"
Shape Rect Layer front
position -0.112205  0.000000  size  0.078740  0.133858  orientation 0.00
drill  0.000000
shape_offset  0.000000  0.000000
$EndPAD
$EndMODULE  L2

$MODULE "Q2"
reference "Q2"
value "FDG1024NZ"
footprint "Package_TO_SOT_SMD:SOT-363_SC-70-6"
attribut smd
position  4.750000  2.400000  orientation 90.00
layer front
$PAD "1"
Shape Rect Layer front
position -0.037402 -0.025591  size  0.025591  0.015748  orientation 0.00
drill  0.000000
shape_offset  0.000000  0.000000
$EndPAD
$PAD "3"
Shape Rect Layer front
position -0.037402  0.025591  size  0.025591  0.015748  orientation 0.00
drill  0.000000
shape_offset  0.000000  0.000000
$EndPAD
$PAD "5"
Shape Rect Layer front
position  0.037402  0.000000  size  0.025591  0.015748  orientation 0.00
drill  0.000000
shape_offset  0.000000  0.000000
$EndPAD
$PAD "2"
Shape Rect Layer front
position -0.037402  0.000000  size  0.025591  0.015748  orientation 0.00
drill  0.000000
shape_offset  0.000000  0.000000
$EndPAD
$PAD "4"
Shape Rect Layer front
position  0.037402  0.025591  size  0.025591  0.015748  orientation 0.00
drill  0.000000
shape_offset  0.000000  0.000000
$EndPAD
$PAD "6"
Shape Rect Layer front
position  0.037402 -0.025591  size  0.025591  0.015748  orientation 0.00
drill  0.000000
shape_offset  0.000000  0.000000
$EndPAD
$EndMODULE  Q2

$MODULE "Q4"
reference "Q4"
value "FDG1024NZ"
footprint "Package_TO_SOT_SMD:SOT-363_SC-70-6"
attribut smd
position  6.250000  5.350000  orientation 0.00
layer front
$PAD "1"
Shape Rect Layer front
position -0.037402 -0.025591  size  0.025591  0.015748  orientation 0.00
drill  0.000000
shape_offset  0.000000  0.000000
$EndPAD
$PAD "3"
Shape Rect Layer front
position -0.037402  0.025591  size  0.025591  0.015748  orientation 0.00
drill  0.000000
shape_offset  0.000000  0.000000
$EndPAD
$PAD "5"
Shape Rect Layer front
position  0.037402  0.000000  size  0.025591  0.015748  orientation 0.00
drill  0.000000
shape_offset  0.000000  0.000000
$EndPAD
$PAD "2"
Shape Rect Layer front
position -0.037402  0.000000  size  0.025591  0.015748  orientation 0.00
drill  0.000000
shape_offset  0.000000  0.000000
$EndPAD
$PAD "4"
Shape Rect Layer front
position  0.037402  0.025591  size  0.025591  0.015748  orientation 0.00
drill  0.000000
shape_offset  0.000000  0.000000
$EndPAD
$PAD "6"
Shape Rect Layer front
position  0.037402 -0.025591  size  0.025591  0.015748  orientation 0.00
drill  0.000000
shape_offset  0.000000  0.000000
$EndPAD
$EndMODULE  Q4

$MODULE "R1"
reference "R1"
value "100k, 1%"
footprint "Resistor_SMD:R_0805_2012Metric_Pad1.15x1.40mm_HandSolder"
attribut smd
position  2.300000  3.859646  orientation 270.00
layer front
$PAD "2"
Shape Roundrect Layer front
position  0.040354  0.000000  size  0.045276  0.055118  orientation 0.00
drill  0.000000
shape_offset  0.000000  0.000000
$EndPAD
$PAD "1"
Shape Roundrect Layer front
position -0.040354  0.000000  size  0.045276  0.055118  orientation 0.00
drill  0.000000
shape_offset  0.000000  0.000000
$EndPAD
$EndMODULE  R1

$MODULE "R2"
reference "R2"
value "18.2k, 1%"
footprint "Resistor_SMD:R_0805_2012Metric_Pad1.15x1.40mm_HandSolder"
attribut smd
position  2.420000  4.660354  orientation 270.00
layer front
$PAD "2"
Shape Roundrect Layer front
position  0.040354  0.000000  size  0.045276  0.055118  orientation 0.00
drill  0.000000
shape_offset  0.000000  0.000000
$EndPAD
$PAD "1"
Shape Roundrect Layer front
position -0.040354  0.000000  size  0.045276  0.055118  orientation 0.00
drill  0.000000
shape_offset  0.000000  0.000000
$EndPAD
$EndMODULE  R2

$MODULE "R3"
reference "R3"
value "1M, 1%"
footprint "Resistor_SMD:R_0805_2012Metric_Pad1.15x1.40mm_HandSolder"
attribut smd
position  2.559646  4.200000  orientation 180.00
layer front
$PAD "1"
Shape Roundrect Layer front
position -0.040354  0.000000  size  0.045276  0.055118  orientation 0.00
drill  0.000000
shape_offset  0.000000  0.000000
$EndPAD
$PAD "2"
Shape Roundrect Layer front
position  0.040354  0.000000  size  0.045276  0.055118  orientation 0.00
drill  0.000000
shape_offset  0.000000  0.000000
$EndPAD
$EndMODULE  R3

$MODULE "R4"
reference "R4"
value "309k, 1%"
footprint "Resistor_SMD:R_0805_2012Metric_Pad1.15x1.40mm_HandSolder"
attribut smd
position  2.559646  3.950000  orientation 0.00
layer front
$PAD "1"
Shape Roundrect Layer front
position -0.040354  0.000000  size  0.045276  0.055118  orientation 0.00
drill  0.000000
shape_offset  0.000000  0.000000
$EndPAD
$PAD "2"
Shape Roundrect Layer front
position  0.040354  0.000000  size  0.045276  0.055118  orientation 0.00
drill  0.000000
shape_offset  0.000000  0.000000
$EndPAD
$EndMODULE  R4

$MODULE "RN3"
reference "RN3"
value "R_Pack 10k Ohms"
footprint "Package_SO:SSOP-20_3.9x8.7mm_P0.635mm"
attribut smd
position  3.720000  2.870000  orientation 90.00
layer front
$PAD "1"
Shape Rect Layer front
position -0.102362 -0.112500  size  0.047244  0.015748  orientation 0.00
drill  0.000000
shape_offset  0.000000  0.000000
$EndPAD
$PAD "2"
Shape Rect Layer front
position -0.102362 -0.087500  size  0.047244  0.015748  orientation 0.00
drill  0.000000
shape_offset  0.000000  0.000000
$EndPAD
$PAD "3"
Shape Rect Layer front
position -0.102362 -0.062500  size  0.047244  0.015748  orientation 0.00
drill  0.000000
shape_offset  0.000000  0.000000
$EndPAD
$PAD "4"
Shape Rect Layer front
position -0.102362 -0.037500  size  0.047244  0.015748  orientation 0.00
drill  0.000000
shape_offset  0.000000  0.000000
$EndPAD
$PAD "5"
Shape Rect Layer front
position -0.102362 -0.012500  size  0.047244  0.015748  orientation 0.00
drill  0.000000
shape_offset  0.000000  0.000000
$EndPAD
$PAD "6"
Shape Rect Layer front
position -0.102362  0.012500  size  0.047244  0.015748  orientation 0.00
drill  0.000000
shape_offset  0.000000  0.000000
$EndPAD
$PAD "7"
Shape Rect Layer front
position -0.102362  0.037500  size  0.047244  0.015748  orientation 0.00
drill  0.000000
shape_offset  0.000000  0.000000
$EndPAD
$PAD "8"
Shape Rect Layer front
position -0.102362  0.062500  size  0.047244  0.015748  orientation 0.00
drill  0.000000
shape_offset  0.000000  0.000000
$EndPAD
$PAD "9"
Shape Rect Layer front
position -0.102362  0.087500  size  0.047244  0.015748  orientation 0.00
drill  0.000000
shape_offset  0.000000  0.000000
$EndPAD
$PAD "10"
Shape Rect Layer front
position -0.102362  0.112500  size  0.047244  0.015748  orientation 0.00
drill  0.000000
shape_offset  0.000000  0.000000
$EndPAD
$PAD "11"
Shape Rect Layer front
position  0.102362  0.112500  size  0.047244  0.015748  orientation 0.00
drill  0.000000
shape_offset  0.000000  0.000000
$EndPAD
$PAD "12"
Shape Rect Layer front
position  0.102362  0.087500  size  0.047244  0.015748  orientation 0.00
drill  0.000000
shape_offset  0.000000  0.000000
$EndPAD
$PAD "13"
Shape Rect Layer front
position  0.102362  0.062500  size  0.047244  0.015748  orientation 0.00
drill  0.000000
shape_offset  0.000000  0.000000
$EndPAD
$PAD "14"
Shape Rect Layer front
position  0.102362  0.037500  size  0.047244  0.015748  orientation 0.00
drill  0.000000
shape_offset  0.000000  0.000000
$EndPAD
$PAD "15"
Shape Rect Layer front
position  0.102362  0.012500  size  0.047244  0.015748  orientation 0.00
drill  0.000000
shape_offset  0.000000  0.000000
$EndPAD
$PAD "16"
Shape Rect Layer front
position  0.102362 -0.012500  size  0.047244  0.015748  orientation 0.00
drill  0.000000
shape_offset  0.000000  0.000000
$EndPAD
$PAD "17"
Shape Rect Layer front
position  0.102362 -0.037500  size  0.047244  0.015748  orientation 0.00
drill  0.000000
shape_offset  0.000000  0.000000
$EndPAD
$PAD "18"
Shape Rect Layer front
position  0.102362 -0.062500  size  0.047244  0.015748  orientation 0.00
drill  0.000000
shape_offset  0.000000  0.000000
$EndPAD
$PAD "19"
Shape Rect Layer front
position  0.102362 -0.087500  size  0.047244  0.015748  orientation 0.00
drill  0.000000
shape_offset  0.000000  0.000000
$EndPAD
$PAD "20"
Shape Rect Layer front
position  0.102362 -0.112500  size  0.047244  0.015748  orientation 0.00
drill  0.000000
shape_offset  0.000000  0.000000
$EndPAD
$EndMODULE  RN3

$MODULE "U2"
reference "U2"
value "MAX232"
footprint "Package_SO:SOIC-16_3.9x9.9mm_P1.27mm"
attribut smd
position  5.650000  3.595000  orientation 0.00
layer front
$PAD "1"
Shape Roundrect Layer front
position -0.097441 -0.175000  size  0.076772  0.023622  orientation 0.00
drill  0.000000
shape_offset  0.000000  0.000000
$EndPAD
$PAD "2"
Shape Roundrect Layer front
position -0.097441 -0.125000  size  0.076772  0.023622  orientation 0.00
drill  0.000000
shape_offset  0.000000  0.000000
$EndPAD
$PAD "3"
Shape Roundrect Layer front
position -0.097441 -0.075000  size  0.076772  0.023622  orientation 0.00
drill  0.000000
shape_offset  0.000000  0.000000
$EndPAD
$PAD "4"
Shape Roundrect Layer front
position -0.097441 -0.025000  size  0.076772  0.023622  orientation 0.00
drill  0.000000
shape_offset  0.000000  0.000000
$EndPAD
$PAD "5"
Shape Roundrect Layer front
position -0.097441  0.025000  size  0.076772  0.023622  orientation 0.00
drill  0.000000
shape_offset  0.000000  0.000000
$EndPAD
$PAD "6"
Shape Roundrect Layer front
position -0.097441  0.075000  size  0.076772  0.023622  orientation 0.00
drill  0.000000
shape_offset  0.000000  0.000000
$EndPAD
$PAD "7"
Shape Roundrect Layer front
position -0.097441  0.125000  size  0.076772  0.023622  orientation 0.00
drill  0.000000
shape_offset  0.000000  0.000000
$EndPAD
$PAD "8"
Shape Roundrect Layer front
position -0.097441  0.175000  size  0.076772  0.023622  orientation 0.00
drill  0.000000
shape_offset  0.000000  0.000000
$EndPAD
$PAD "9"
Shape Roundrect Layer front
position  0.097441  0.175000  size  0.076772  0.023622  orientation 0.00
drill  0.000000
shape_offset  0.000000  0.000000
$EndPAD
$PAD "10"
Shape Roundrect Layer front
position  0.097441  0.125000  size  0.076772  0.023622  orientation 0.00
drill  0.000000
shape_offset  0.000000  0.000000
$EndPAD
$PAD "11"
Shape Roundrect Layer front
position  0.097441  0.075000  size  0.076772  0.023622  orientation 0.00
drill  0.000000
shape_offset  0.000000  0.000000
$EndPAD
$PAD "12"
Shape Roundrect Layer front
position  0.097441  0.025000  size  0.076772  0.023622  orientation 0.00
drill  0.000000
shape_offset  0.000000  0.000000
$EndPAD
$PAD "13"
Shape Roundrect Layer front
position  0.097441 -0.025000  size  0.076772  0.023622  orientation 0.00
drill  0.000000
shape_offset  0.000000  0.000000
$EndPAD
$PAD "14"
Shape Roundrect Layer front
position  0.097441 -0.075000  size  0.076772  0.023622  orientation 0.00
drill  0.000000
shape_offset  0.000000  0.000000
$EndPAD
$PAD "15"
Shape Roundrect Layer front
position  0.097441 -0.125000  size  0.076772  0.023622  orientation 0.00
drill  0.000000
shape_offset  0.000000  0.000000
$EndPAD
$PAD "16"
Shape Roundrect Layer front
position  0.097441 -0.175000  size  0.076772  0.023622  orientation 0.00
drill  0.000000
shape_offset  0.000000  0.000000
$EndPAD
$EndMODULE  U2

$MODULE "U4"
reference "U4"
value "LT8609EMSETRPBF"
footprint "Package_SO:MSOP-10-1EP_3x3mm_P0.5mm_EP1.73x1.98mm"
attribut smd
position  2.250000  4.300000  orientation 90.00
layer front
$PAD "11"
Shape Roundrect Layer front
position  0.000000  0.000000  size  0.068110  0.177953  orientation 0.00
drill  0.000000
shape_offset  0.000000  0.000000
$EndPAD
$PAD ""
Shape Roundrect Layer nocopper
position -0.016929 -0.019488  size  0.027559  0.031496  orientation 0.00
drill  0.000000
shape_offset  0.000000  0.000000
$EndPAD
$PAD ""
Shape Roundrect Layer nocopper
position -0.016929  0.019488  size  0.027559  0.031496  orientation 0.00
drill  0.000000
shape_offset  0.000000  0.000000
$EndPAD
$PAD ""
Shape Roundrect Layer nocopper
position  0.016929 -0.019488  size  0.027559  0.031496  orientation 0.00
drill  0.000000
shape_offset  0.000000  0.000000
$EndPAD
$PAD ""
Shape Roundrect Layer nocopper
position  0.016929  0.019488  size  0.027559  0.031496  orientation 0.00
drill  0.000000
shape_offset  0.000000  0.000000
$EndPAD
$PAD "1"
Shape Roundrect Layer front
position -0.085138 -0.039370  size  0.058071  0.011811  orientation 0.00
drill  0.000000
shape_offset  0.000000  0.000000
$EndPAD
$PAD "2"
Shape Roundrect Layer front
position -0.085138 -0.019685  size  0.058071  0.011811  orientation 0.00
drill  0.000000
shape_offset  0.000000  0.000000
$EndPAD
$PAD "3"
Shape Roundrect Layer front
position -0.085138  0.000000  size  0.058071  0.011811  orientation 0.00
drill  0.000000
shape_offset  0.000000  0.000000
$EndPAD
$PAD "4"
Shape Roundrect Layer front
position -0.085138  0.019685  size  0.058071  0.011811  orientation 0.00
drill  0.000000
shape_offset  0.000000  0.000000
$EndPAD
$PAD "5"
Shape Roundrect Layer front
position -0.085138  0.039370  size  0.058071  0.011811  orientation 0.00
drill  0.000000
shape_offset  0.000000  0.000000
$EndPAD
$PAD "6"
Shape Roundrect Layer front
position  0.085138  0.039370  size  0.058071  0.011811  orientation 0.00
drill  0.000000
shape_offset  0.000000  0.000000
$EndPAD
$PAD "7"
Shape Roundrect Layer front
position  0.085138  0.019685  size  0.058071  0.011811  orientation 0.00
drill  0.000000
shape_offset  0.000000  0.000000
$EndPAD
$PAD "8"
Shape Roundrect Layer front
position  0.085138  0.000000  size  0.058071  0.011811  orientation 0.00
drill  0.000000
shape_offset  0.000000  0.000000
$EndPAD
$PAD "9"
Shape Roundrect Layer front
position  0.085138 -0.019685  size  0.058071  0.011811  orientation 0.00
drill  0.000000
shape_offset  0.000000  0.000000
$EndPAD
$PAD "10"
Shape Roundrect Layer front
position  0.085138 -0.039370  size  0.058071  0.011811  orientation 0.00
drill  0.000000
shape_offset  0.000000  0.000000
$EndPAD
$EndMODULE  U4

$MODULE "U5"
reference "U5"
value "LT1374CS8-5PBF"
footprint "Package_SO:SO-8_3.9x4.9mm_P1.27mm"
attribut smd
position  2.690000  2.750000  orientation 0.00
layer front
$PAD "1"
Shape Roundrect Layer front
position -0.101378 -0.075000  size  0.068898  0.023622  orientation 0.00
drill  0.000000
shape_offset  0.000000  0.000000
$EndPAD
$PAD "2"
Shape Roundrect Layer front
position -0.101378 -0.025000  size  0.068898  0.023622  orientation 0.00
drill  0.000000
shape_offset  0.000000  0.000000
$EndPAD
$PAD "3"
Shape Roundrect Layer front
position -0.101378  0.025000  size  0.068898  0.023622  orientation 0.00
drill  0.000000
shape_offset  0.000000  0.000000
$EndPAD
$PAD "4"
Shape Roundrect Layer front
position -0.101378  0.075000  size  0.068898  0.023622  orientation 0.00
drill  0.000000
shape_offset  0.000000  0.000000
$EndPAD
$PAD "5"
Shape Roundrect Layer front
position  0.101378  0.075000  size  0.068898  0.023622  orientation 0.00
drill  0.000000
shape_offset  0.000000  0.000000
$EndPAD
$PAD "6"
Shape Roundrect Layer front
position  0.101378  0.025000  size  0.068898  0.023622  orientation 0.00
drill  0.000000
shape_offset  0.000000  0.000000
$EndPAD
$PAD "7"
Shape Roundrect Layer front
position  0.101378 -0.025000  size  0.068898  0.023622  orientation 0.00
drill  0.000000
shape_offset  0.000000  0.000000
$EndPAD
$PAD "8"
Shape Roundrect Layer front
position  0.101378 -0.075000  size  0.068898  0.023622  orientation 0.00
drill  0.000000
shape_offset  0.000000  0.000000
$EndPAD
$EndMODULE  U5

$MODULE "C1"
reference "C1"
value "22pF"
footprint "Capacitor_SMD:C_1206_3216Metric_Pad1.42x1.75mm_HandSolder"
attribut smd
position  5.791410  5.058590  orientation 45.00
layer front
$PAD "1"
Shape Roundrect Layer front
position -0.058563  0.000000  size  0.056102  0.068898  orientation 0.00
drill  0.000000
shape_offset  0.000000  0.000000
$EndPAD
$PAD "2"
Shape Roundrect Layer front
position  0.058563  0.000000  size  0.056102  0.068898  orientation 0.00
drill  0.000000
shape_offset  0.000000  0.000000
$EndPAD
$EndMODULE  C1

$MODULE "C2"
reference "C2"
value "22pF"
footprint "Capacitor_SMD:C_1206_3216Metric_Pad1.42x1.75mm_HandSolder"
attribut smd
position  5.483590  4.766410  orientation 45.00
layer front
$PAD "2"
Shape Roundrect Layer front
position  0.058563  0.000000  size  0.056102  0.068898  orientation 0.00
drill  0.000000
shape_offset  0.000000  0.000000
$EndPAD
$PAD "1"
Shape Roundrect Layer front
position -0.058563  0.000000  size  0.056102  0.068898  orientation 0.00
drill  0.000000
shape_offset  0.000000  0.000000
$EndPAD
$EndMODULE  C2

$MODULE "H1"
reference "H1"
value "MountingHole"
footprint "datapod:MountingHole_0.4_inches_Pad_Via"
attribut virtual
position  3.950000  3.800000  orientation 0.00
layer front
$PAD "1"
Shape Circle Layer both
position  0.175385 -0.175385  size  0.043307  0.043307  orientation 0.00
drill  0.031496
shape_offset  0.000000  0.000000
$EndPAD
$PAD "1"
Shape Circle Layer both
position  0.000000 -0.248031  size  0.043307  0.043307  orientation 0.00
drill  0.031496
shape_offset  0.000000  0.000000
$EndPAD
$PAD "1"
Shape Circle Layer both
position -0.175385 -0.175385  size  0.043307  0.043307  orientation 0.00
drill  0.031496
shape_offset  0.000000  0.000000
$EndPAD
$PAD "1"
Shape Circle Layer both
position -0.248031  0.000000  size  0.043307  0.043307  orientation 0.00
drill  0.031496
shape_offset  0.000000  0.000000
$EndPAD
$PAD "1"
Shape Circle Layer both
position -0.175385  0.175385  size  0.043307  0.043307  orientation 0.00
drill  0.031496
shape_offset  0.000000  0.000000
$EndPAD
$PAD "1"
Shape Circle Layer both
position  0.000000  0.248031  size  0.043307  0.043307  orientation 0.00
drill  0.031496
shape_offset  0.000000  0.000000
$EndPAD
$PAD "1"
Shape Circle Layer both
position  0.175385  0.175385  size  0.043307  0.043307  orientation 0.00
drill  0.031496
shape_offset  0.000000  0.000000
$EndPAD
$PAD "1"
Shape Circle Layer both
position  0.248031  0.000000  size  0.043307  0.043307  orientation 0.00
drill  0.031496
shape_offset  0.000000  0.000000
$EndPAD
$PAD "1"
Shape Circle Layer both
position  0.000000  0.000000  size  0.661417  0.661417  orientation 0.00
drill  0.400000
shape_offset  0.000000  0.000000
$EndPAD
$EndMODULE  H1

$MODULE "R5"
reference "R5"
value "10K"
footprint "Resistor_SMD:R_1206_3216Metric_Pad1.42x1.75mm_HandSolder"
attribut smd
position  4.675000  4.850000  orientation 45.00
layer front
$PAD "1"
Shape Roundrect Layer front
position -0.058563  0.000000  size  0.056102  0.068898  orientation 0.00
drill  0.000000
shape_offset  0.000000  0.000000
$EndPAD
$PAD "2"
Shape Roundrect Layer front
position  0.058563  0.000000  size  0.056102  0.068898  orientation 0.00
drill  0.000000
shape_offset  0.000000  0.000000
$EndPAD
$EndMODULE  R5

$MODULE "J9"
reference "J9"
value "Conn_02x03_Odd_Even"
footprint "Connector_PinHeader_2.54mm:PinHeader_2x03_P2.54mm_Vertical_SMD"
attribut smd
position  4.925000  4.050000  orientation 0.00
layer front
$PAD "1"
Shape Rect Layer front
position -0.099409 -0.100000  size  0.124016  0.039370  orientation 0.00
drill  0.000000
shape_offset  0.000000  0.000000
$EndPAD
$PAD "2"
Shape Rect Layer front
position  0.099409 -0.100000  size  0.124016  0.039370  orientation 0.00
drill  0.000000
shape_offset  0.000000  0.000000
$EndPAD
$PAD "3"
Shape Rect Layer front
position -0.099409  0.000000  size  0.124016  0.039370  orientation 0.00
drill  0.000000
shape_offset  0.000000  0.000000
$EndPAD
$PAD "4"
Shape Rect Layer front
position  0.099409  0.000000  size  0.124016  0.039370  orientation 0.00
drill  0.000000
shape_offset  0.000000  0.000000
$EndPAD
$PAD "5"
Shape Rect Layer front
position -0.099409  0.100000  size  0.124016  0.039370  orientation 0.00
drill  0.000000
shape_offset  0.000000  0.000000
$EndPAD
$PAD "6"
Shape Rect Layer front
position  0.099409  0.100000  size  0.124016  0.039370  orientation 0.00
drill  0.000000
shape_offset  0.000000  0.000000
$EndPAD
$EndMODULE  J9

$MODULE "TP1"
reference "TP1"
value "TestPoint_2Pole"
footprint "TestPoint:TestPoint_2Pads_Pitch5.08mm_Drill1.3mm"
attribut virtual
position  2.550000  2.425000  orientation 90.00
layer front
$PAD "1"
Shape Roundrect Layer both
position  0.000000  0.000000  size  0.102362  0.102362  orientation 0.00
drill  0.051181
shape_offset  0.000000  0.000000
$EndPAD
$PAD "2"
Shape Circle Layer both
position  0.200000  0.000000  size  0.102362  0.102362  orientation 0.00
drill  0.051181
shape_offset  0.000000  0.000000
$EndPAD
$EndMODULE  TP1

$MODULE "TP2"
reference "TP2"
value "TestPoint_2Pole"
footprint "TestPoint:TestPoint_2Pads_Pitch5.08mm_Drill1.3mm"
attribut virtual
position  1.400000  4.975000  orientation 90.00
layer front
$PAD "2"
Shape Circle Layer both
position  0.200000  0.000000  size  0.102362  0.102362  orientation 0.00
drill  0.051181
shape_offset  0.000000  0.000000
$EndPAD
$PAD "1"
Shape Roundrect Layer both
position  0.000000  0.000000  size  0.102362  0.102362  orientation 0.00
drill  0.051181
shape_offset  0.000000  0.000000
$EndPAD
$EndMODULE  TP2

$MODULE "TP3"
reference "TP3"
value "TestPoint_2Pole"
footprint "TestPoint:TestPoint_2Pads_Pitch5.08mm_Drill1.3mm"
attribut virtual
position  3.050000  4.850000  orientation 90.00
layer front
$PAD "1"
Shape Roundrect Layer both
position  0.000000  0.000000  size  0.102362  0.102362  orientation 0.00
drill  0.051181
shape_offset  0.000000  0.000000
$EndPAD
$PAD "2"
Shape Circle Layer both
position  0.200000  0.000000  size  0.102362  0.102362  orientation 0.00
drill  0.051181
shape_offset  0.000000  0.000000
$EndPAD
$EndMODULE  TP3

$MODULE "JP1"
reference "JP1"
value "Jumper_3_Open"
footprint "Jumper:SolderJumper-3_P1.3mm_Open_RoundedPad1.0x1.5mm"
attribut virtual
position  3.525000  1.200000  orientation 90.00
layer front
$PAD "1"
Shape CustomShape Layer front
position -0.051181  0.000000  size  0.039370  0.019685  orientation 0.00
drill  0.000000
shape_offset  0.000000  0.000000
$EndPAD
$PAD "3"
Shape CustomShape Layer front
position  0.051181  0.000000  size  0.039370  0.019685  orientation 0.00
drill  0.000000
shape_offset  0.000000  0.000000
$EndPAD
$PAD "2"
Shape Rect Layer front
position  0.000000  0.000000  size  0.039370  0.059055  orientation 0.00
drill  0.000000
shape_offset  0.000000  0.000000
$EndPAD
$EndMODULE  JP1

$MODULE "JP2"
reference "JP2"
value "SolderJumper_3_Open"
footprint "Jumper:SolderJumper-3_P1.3mm_Open_RoundedPad1.0x1.5mm"
attribut virtual
position  5.905512  3.031496  orientation 90.00
layer back
$PAD "1"
Shape CustomShape Layer back
position -0.051181  0.000000  size  0.039370  0.019685  orientation 0.00
drill  0.000000
shape_offset  0.000000  0.000000
$EndPAD
$PAD "3"
Shape CustomShape Layer back
position  0.051181  0.000000  size  0.039370  0.019685  orientation 0.00
drill  0.000000
shape_offset  0.000000  0.000000
$EndPAD
$PAD "2"
Shape Rect Layer back
position  0.000000  0.000000  size  0.039370  0.059055  orientation 0.00
drill  0.000000
shape_offset  0.000000  0.000000
$EndPAD
$EndMODULE  JP2

$MODULE "Q3"
reference "Q3"
value "IRF7324"
footprint "Package_SO:SOIC-8_3.9x4.9mm_P1.27mm"
attribut smd
position  5.956693  4.251969  orientation 180.00
layer front
$PAD "1"
Shape Roundrect Layer front
position -0.097441 -0.075000  size  0.076772  0.023622  orientation 0.00
drill  0.000000
shape_offset  0.000000  0.000000
$EndPAD
$PAD "2"
Shape Roundrect Layer front
position -0.097441 -0.025000  size  0.076772  0.023622  orientation 0.00
drill  0.000000
shape_offset  0.000000  0.000000
$EndPAD
$PAD "3"
Shape Roundrect Layer front
position -0.097441  0.025000  size  0.076772  0.023622  orientation 0.00
drill  0.000000
shape_offset  0.000000  0.000000
$EndPAD
$PAD "4"
Shape Roundrect Layer front
position -0.097441  0.075000  size  0.076772  0.023622  orientation 0.00
drill  0.000000
shape_offset  0.000000  0.000000
$EndPAD
$PAD "5"
Shape Roundrect Layer front
position  0.097441  0.075000  size  0.076772  0.023622  orientation 0.00
drill  0.000000
shape_offset  0.000000  0.000000
$EndPAD
$PAD "6"
Shape Roundrect Layer front
position  0.097441  0.025000  size  0.076772  0.023622  orientation 0.00
drill  0.000000
shape_offset  0.000000  0.000000
$EndPAD
$PAD "7"
Shape Roundrect Layer front
position  0.097441 -0.025000  size  0.076772  0.023622  orientation 0.00
drill  0.000000
shape_offset  0.000000  0.000000
$EndPAD
$PAD "8"
Shape Roundrect Layer front
position  0.097441 -0.075000  size  0.076772  0.023622  orientation 0.00
drill  0.000000
shape_offset  0.000000  0.000000
$EndPAD
$EndMODULE  Q3

$MODULE "Q5"
reference "Q5"
value "FDG1024NZ"
footprint "Package_TO_SOT_SMD:SOT-363_SC-70-6"
attribut smd
position  5.511811  2.519685  orientation 0.00
layer front
$PAD "1"
Shape Rect Layer front
position -0.037402 -0.025591  size  0.025591  0.015748  orientation 0.00
drill  0.000000
shape_offset  0.000000  0.000000
$EndPAD
$PAD "3"
Shape Rect Layer front
position -0.037402  0.025591  size  0.025591  0.015748  orientation 0.00
drill  0.000000
shape_offset  0.000000  0.000000
$EndPAD
$PAD "5"
Shape Rect Layer front
position  0.037402  0.000000  size  0.025591  0.015748  orientation 0.00
drill  0.000000
shape_offset  0.000000  0.000000
$EndPAD
$PAD "2"
Shape Rect Layer front
position -0.037402  0.000000  size  0.025591  0.015748  orientation 0.00
drill  0.000000
shape_offset  0.000000  0.000000
$EndPAD
$PAD "4"
Shape Rect Layer front
position  0.037402  0.025591  size  0.025591  0.015748  orientation 0.00
drill  0.000000
shape_offset  0.000000  0.000000
$EndPAD
$PAD "6"
Shape Rect Layer front
position  0.037402 -0.025591  size  0.025591  0.015748  orientation 0.00
drill  0.000000
shape_offset  0.000000  0.000000
$EndPAD
$EndMODULE  Q5

$MODULE "TP4"
reference "TP4"
value "TestPoint_2Pole"
footprint "TestPoint:TestPoint_2Pads_Pitch5.08mm_Drill1.3mm"
attribut virtual
position  6.456693  5.275591  orientation 65.00
layer front
$PAD "1"
Shape Roundrect Layer both
position  0.000000  0.000000  size  0.102362  0.102362  orientation 0.00
drill  0.051181
shape_offset  0.000000  0.000000
$EndPAD
$PAD "2"
Shape Circle Layer both
position  0.200000  0.000000  size  0.102362  0.102362  orientation 0.00
drill  0.051181
shape_offset  0.000000  0.000000
$EndPAD
$EndMODULE  TP4

$MODULE "J5"
reference "J5"
value "DB9_Male_MountingHoles"
footprint "Connector_Dsub:DSUB-9_Male_Horizontal_P2.77x2.84mm_EdgePinOffset7.70mm_Housed_MountingHolesOffset9.12mm"
attribut none
position  6.259843  4.015748  orientation 90.00
layer front
$PAD "1"
Shape Rect Layer both
position  0.000000  0.000000  size  0.062992  0.062992  orientation 0.00
drill  0.039370
shape_offset  0.000000  0.000000
$EndPAD
$PAD "2"
Shape Circle Layer both
position  0.109055  0.000000  size  0.062992  0.062992  orientation 0.00
drill  0.039370
shape_offset  0.000000  0.000000
$EndPAD
$PAD "3"
Shape Circle Layer both
position  0.218110  0.000000  size  0.062992  0.062992  orientation 0.00
drill  0.039370
shape_offset  0.000000  0.000000
$EndPAD
$PAD "4"
Shape Circle Layer both
position  0.327165  0.000000  size  0.062992  0.062992  orientation 0.00
drill  0.039370
shape_offset  0.000000  0.000000
$EndPAD
$PAD "5"
Shape Circle Layer both
position  0.436220  0.000000  size  0.062992  0.062992  orientation 0.00
drill  0.039370
shape_offset  0.000000  0.000000
$EndPAD
$PAD "6"
Shape Circle Layer both
position  0.054528  0.111811  size  0.062992  0.062992  orientation 0.00
drill  0.039370
shape_offset  0.000000  0.000000
$EndPAD
$PAD "7"
Shape Circle Layer both
position  0.163583  0.111811  size  0.062992  0.062992  orientation 0.00
drill  0.039370
shape_offset  0.000000  0.000000
$EndPAD
$PAD "8"
Shape Circle Layer both
position  0.272638  0.111811  size  0.062992  0.062992  orientation 0.00
drill  0.039370
shape_offset  0.000000  0.000000
$EndPAD
$PAD "9"
Shape Circle Layer both
position  0.381693  0.111811  size  0.062992  0.062992  orientation 0.00
drill  0.039370
shape_offset  0.000000  0.000000
$EndPAD
$PAD "0"
Shape Circle Layer both
position -0.274016  0.055906  size  0.157480  0.157480  orientation 0.00
drill  0.125984
shape_offset  0.000000  0.000000
$EndPAD
$PAD "0"
Shape Circle Layer both
position  0.710236  0.055906  size  0.157480  0.157480  orientation 0.00
drill  0.125984
shape_offset  0.000000  0.000000
$EndPAD
$EndMODULE  J5

$MODULE "J7"
reference "J7"
value "Conn_02x02_Odd_Even"
footprint "Connector_Molex:Molex_Nano-Fit_105309-xx02_1x02_P2.50mm_Vertical"
attribut none
position  1.900000  5.550000  orientation 45.00
layer front
$PAD "1"
Shape CustomShape Layer both
position  0.000000  0.000000  size  0.055794  0.055794  orientation 0.00
drill  0.047244
shape_offset  0.000000  0.000000
$EndPAD
$PAD "2"
Shape Oval Layer both
position  0.000000  0.098425  size  0.086614  0.066929  orientation 0.00
drill  0.047244
shape_offset  0.000000  0.000000
$EndPAD
$PAD ""
Shape Circle Layer both
position -0.052756  0.049213  size  0.051181  0.051181  orientation 0.00
drill  0.051181
shape_offset  0.000000  0.000000
$EndPAD
$EndMODULE  J7

$MODULE "D5"
reference "D5"
value "CMDSH-3"
footprint "Diode_SMD:D_SOD-323_HandSoldering"
attribut smd
position  2.840000  2.965000  orientation 0.00
layer front
$PAD "1"
Shape Rect Layer front
position -0.049213  0.000000  size  0.039370  0.039370  orientation 0.00
drill  0.000000
shape_offset  0.000000  0.000000
$EndPAD
$PAD "2"
Shape Rect Layer front
position  0.049213  0.000000  size  0.039370  0.039370  orientation 0.00
drill  0.000000
shape_offset  0.000000  0.000000
$EndPAD
$EndMODULE  D5

$EndDESCRIPTION
